0 info it worked if it ends with ok
1 verbose cli [ '/usr/local/bin/node',
1 verbose cli   '/usr/local/bin/npm',
1 verbose cli   'run',
1 verbose cli   'test_validation' ]
2 info using npm@3.3.12
3 info using node@v5.1.0
4 verbose run-script [ 'pretest_validation',
4 verbose run-script   'test_validation',
4 verbose run-script   'posttest_validation' ]
5 info lifecycle time-tracker-koorchik@1.0.0~pretest_validation: time-tracker-koorchik@1.0.0
6 silly lifecycle time-tracker-koorchik@1.0.0~pretest_validation: no script for pretest_validation, continuing
7 info lifecycle time-tracker-koorchik@1.0.0~test_validation: time-tracker-koorchik@1.0.0
8 verbose lifecycle time-tracker-koorchik@1.0.0~test_validation: unsafe-perm in lifecycle true
9 verbose lifecycle time-tracker-koorchik@1.0.0~test_validation: PATH: /usr/local/lib/node_modules/npm/bin/node-gyp-bin:/Users/koorchik/work/goit/time-tracker-koorchik/node_modules/.bin:/Users/koorchik/.rakudobrew/bin:/Users/koorchik/.rakudobrew/bin:/Users/koorchik/.plenv/shims:/Users/koorchik/.plenv/bin:/usr/local/Cellar/gettext/0.19.6/bin/:/usr/local/bin:/usr/bin:/bin:/usr/sbin:/sbin:/opt/X11/bin:/Users/koorchik/.gem/ruby/1.8/bin:/opt/nginx/sbin
10 verbose lifecycle time-tracker-koorchik@1.0.0~test_validation: CWD: /Users/koorchik/work/goit/time-tracker-koorchik
11 silly lifecycle time-tracker-koorchik@1.0.0~test_validation: Args: [ '-c',
11 silly lifecycle   'mocha --timeout 60000 --reporter spec --ui qunit tests/validate_registration_data.js' ]
12 silly lifecycle time-tracker-koorchik@1.0.0~test_validation: Returned: code: 1  signal: null
13 info lifecycle time-tracker-koorchik@1.0.0~test_validation: Failed to exec test_validation script
14 verbose stack Error: time-tracker-koorchik@1.0.0 test_validation: `mocha --timeout 60000 --reporter spec --ui qunit tests/validate_registration_data.js`
14 verbose stack Exit status 1
14 verbose stack     at EventEmitter.<anonymous> (/usr/local/lib/node_modules/npm/lib/utils/lifecycle.js:232:16)
14 verbose stack     at emitTwo (events.js:87:13)
14 verbose stack     at EventEmitter.emit (events.js:172:7)
14 verbose stack     at ChildProcess.<anonymous> (/usr/local/lib/node_modules/npm/lib/utils/spawn.js:24:14)
14 verbose stack     at emitTwo (events.js:87:13)
14 verbose stack     at ChildProcess.emit (events.js:172:7)
14 verbose stack     at maybeClose (internal/child_process.js:818:16)
14 verbose stack     at Process.ChildProcess._handle.onexit (internal/child_process.js:211:5)
15 verbose pkgid time-tracker-koorchik@1.0.0
16 verbose cwd /Users/koorchik/work/goit/time-tracker-koorchik
17 error Darwin 15.2.0
18 error argv "/usr/local/bin/node" "/usr/local/bin/npm" "run" "test_validation"
19 error node v5.1.0
20 error npm  v3.3.12
21 error code ELIFECYCLE
22 error time-tracker-koorchik@1.0.0 test_validation: `mocha --timeout 60000 --reporter spec --ui qunit tests/validate_registration_data.js`
22 error Exit status 1
23 error Failed at the time-tracker-koorchik@1.0.0 test_validation script 'mocha --timeout 60000 --reporter spec --ui qunit tests/validate_registration_data.js'.
23 error Make sure you have the latest version of node.js and npm installed.
23 error If you do, this is most likely a problem with the time-tracker-koorchik package,
23 error not with npm itself.
23 error Tell the author that this fails on your system:
23 error     mocha --timeout 60000 --reporter spec --ui qunit tests/validate_registration_data.js
23 error You can get their info via:
23 error     npm owner ls time-tracker-koorchik
23 error There is likely additional logging output above.
24 verbose exit [ 1, true ]
